2023-04-09 23:36:55,823 [Worker-4: Loading available Gradle versions] INFO  o.e.b.c.i.u.g.PublishedGradleVersions - Gradle version information cache is up-to-date. Trying to read.
2023-04-09 23:37:20,592 [Worker-2: Building] INFO  o.e.m.c.i.l.LifecycleMappingFactory - Using org.eclipse.m2e.jdt.JarLifecycleMapping lifecycle mapping for MavenProject: com.luv2code.springboot.demo:mycoolapp:0.0.1-SNAPSHOT @ C:\Users\Jeffrey\DevSpringBoot\02-Devtools-Overview\02-Devtools-Overview\02-Devtools-Overview\pom.xml.
2023-04-09 23:37:21,729 [Worker-2: Building] INFO  o.a.m.s.f.DefaultMavenResourcesFiltering - Copying 1 resource
2023-04-09 23:37:21,753 [Worker-2: Building] INFO  o.a.m.s.f.DefaultMavenResourcesFiltering - Copying 0 resource
2023-04-09 23:37:21,760 [Worker-2: Building] INFO  o.a.m.s.f.DefaultMavenResourcesFiltering - skip non existing resourceDirectory C:\Users\Jeffrey\DevSpringBoot\02-Devtools-Overview\02-Devtools-Overview\02-Devtools-Overview\src\test\resources
2023-04-09 23:37:23,129 [Worker-6: Building] INFO  o.a.m.s.f.DefaultMavenResourcesFiltering - Copying 1 resource
2023-04-09 23:37:23,132 [Worker-6: Building] INFO  o.a.m.s.f.DefaultMavenResourcesFiltering - Copying 0 resource
2023-04-09 23:37:23,137 [Worker-6: Building] INFO  o.a.m.s.f.DefaultMavenResourcesFiltering - skip non existing resourceDirectory C:\Users\Jeffrey\DevSpringBoot\02-Devtools-Overview\02-Devtools-Overview\02-Devtools-Overview\src\test\resources
2023-04-09 23:37:47,368 [Worker-4: Loading available Gradle versions] INFO  o.e.b.c.i.u.g.PublishedGradleVersions - Gradle version information cache is up-to-date. Trying to read.
2023-04-09 23:41:36,318 [Worker-19: Building] INFO  o.e.m.c.i.l.LifecycleMappingFactory - Using org.eclipse.m2e.jdt.JarLifecycleMapping lifecycle mapping for MavenProject: com.luv2code.springboot.demo:mycoolapp:0.0.1-SNAPSHOT @ C:\Users\Jeffrey\DevSpringBoot\02-Devtools-Overview\02-Devtools-Overview\02-Devtools-Overview\pom.xml.
2023-04-09 23:41:37,069 [Worker-19: Building] INFO  o.a.m.s.f.DefaultMavenResourcesFiltering - Copying 1 resource
2023-04-09 23:41:37,089 [Worker-19: Building] INFO  o.a.m.s.f.DefaultMavenResourcesFiltering - Copying 0 resource
2023-04-09 23:41:37,095 [Worker-19: Building] INFO  o.a.m.s.f.DefaultMavenResourcesFiltering - skip non existing resourceDirectory C:\Users\Jeffrey\DevSpringBoot\02-Devtools-Overview\02-Devtools-Overview\02-Devtools-Overview\src\test\resources
2023-04-09 23:41:38,124 [Worker-5: Download sources and javadoc] INFO  o.e.m.c.i.e.AbstractTransferListenerAdapter - Downloading https://repo.maven.apache.org/maven2/org/springframework/boot/spring-boot-devtools/3.0.5/spring-boot-devtools-3.0.5-sources.jar
2023-04-09 23:41:38,198 [Worker-5: Download sources and javadoc] INFO  o.e.m.c.i.e.AbstractTransferListenerAdapter - Downloaded https://repo.maven.apache.org/maven2/org/springframework/boot/spring-boot-devtools/3.0.5/spring-boot-devtools-3.0.5-sources.jar
2023-04-09 23:41:38,203 [Worker-5: Download sources and javadoc] INFO  o.e.m.j.internal.DownloadSourcesJob - Downloaded sources for org.springframework.boot:spring-boot-devtools:3.0.5
2023-04-09 23:41:38,527 [Worker-5: Building] INFO  o.a.m.s.f.DefaultMavenResourcesFiltering - Copying 1 resource
2023-04-09 23:41:38,530 [Worker-5: Building] INFO  o.a.m.s.f.DefaultMavenResourcesFiltering - Copying 0 resource
2023-04-09 23:41:38,533 [Worker-5: Building] INFO  o.a.m.s.f.DefaultMavenResourcesFiltering - skip non existing resourceDirectory C:\Users\Jeffrey\DevSpringBoot\02-Devtools-Overview\02-Devtools-Overview\02-Devtools-Overview\src\test\resources
2023-04-09 23:42:53,458 [Worker-5: Updating Maven Project] INFO  o.e.m.c.i.p.ProjectConfigurationManager - Update started
2023-04-09 23:42:53,767 [Worker-5: Updating Maven Project] INFO  o.e.m.c.i.l.LifecycleMappingFactory - Using org.eclipse.m2e.jdt.JarLifecycleMapping lifecycle mapping for MavenProject: com.luv2code.springboot.demo:mycoolapp:0.0.1-SNAPSHOT @ C:\Users\Jeffrey\DevSpringBoot\02-Devtools-Overview\02-Devtools-Overview\02-Devtools-Overview\pom.xml.
2023-04-09 23:42:54,207 [Worker-5: Updating Maven Project] INFO  o.e.m.j.i.AbstractJavaProjectConfigurator - Adding source folder /02-Devtools-Overview/src/main/java
2023-04-09 23:42:54,208 [Worker-5: Updating Maven Project] INFO  o.e.m.j.i.AbstractJavaProjectConfigurator - Adding resource folder /02-Devtools-Overview/src/main/resources
2023-04-09 23:42:54,208 [Worker-5: Updating Maven Project] INFO  o.e.m.j.i.AbstractJavaProjectConfigurator - Adding resource folder /02-Devtools-Overview/src/main/resources
2023-04-09 23:42:54,209 [Worker-5: Updating Maven Project] INFO  o.e.m.j.i.AbstractJavaProjectConfigurator - Adding source folder /02-Devtools-Overview/src/test/java
2023-04-09 23:42:54,536 [Worker-5: Updating Maven Project] INFO  o.e.m.c.i.p.ProjectConfigurationManager - Update completed for 1 poms: local refresh takes 0.00 sec, refresh facades takes 0.00 sec, update config takes 0.00 sec 
2023-04-10 23:01:11,006 [Worker-1: Loading available Gradle versions] INFO  o.e.b.c.i.u.g.PublishedGradleVersions - Gradle version information cache is out-of-date. Trying to update.
2023-04-10 23:16:03,828 [Worker-15: Building] INFO  o.e.m.c.i.l.LifecycleMappingFactory - Using org.eclipse.m2e.jdt.JarLifecycleMapping lifecycle mapping for MavenProject: com.luv2code.springboot.demo:mycoolapp:0.0.1-SNAPSHOT @ C:\Users\Jeffrey\DevSpringBoot\02-Devtools-Overview\02-Devtools-Overview\02-Devtools-Overview\pom.xml.
2023-04-10 23:16:06,563 [Worker-15: Building] INFO  o.a.m.s.f.DefaultMavenResourcesFiltering - Copying 1 resource
2023-04-10 23:16:06,586 [Worker-15: Building] INFO  o.a.m.s.f.DefaultMavenResourcesFiltering - Copying 0 resource
2023-04-10 23:16:06,591 [Worker-15: Building] INFO  o.a.m.s.f.DefaultMavenResourcesFiltering - skip non existing resourceDirectory C:\Users\Jeffrey\DevSpringBoot\02-Devtools-Overview\02-Devtools-Overview\02-Devtools-Overview\src\test\resources
2023-04-10 23:16:07,217 [Worker-14: Download sources and javadoc] INFO  o.e.m.c.i.e.AbstractTransferListenerAdapter - Downloading https://repo.maven.apache.org/maven2/org/springframework/boot/spring-boot-starter-actuator/3.0.5/spring-boot-starter-actuator-3.0.5-sources.jar
2023-04-10 23:16:07,292 [Worker-14: Download sources and javadoc] INFO  o.e.m.c.i.e.AbstractTransferListenerAdapter - Downloaded https://repo.maven.apache.org/maven2/org/springframework/boot/spring-boot-starter-actuator/3.0.5/spring-boot-starter-actuator-3.0.5-sources.jar
2023-04-10 23:16:07,297 [Worker-14: Download sources and javadoc] INFO  o.e.m.j.internal.DownloadSourcesJob - Downloaded sources for org.springframework.boot:spring-boot-starter-actuator:3.0.5
2023-04-10 23:16:07,359 [Worker-14: Download sources and javadoc] INFO  o.e.m.c.i.e.AbstractTransferListenerAdapter - Downloading https://repo.maven.apache.org/maven2/org/springframework/boot/spring-boot-actuator-autoconfigure/3.0.5/spring-boot-actuator-autoconfigure-3.0.5-sources.jar
2023-04-10 23:16:07,473 [Worker-14: Download sources and javadoc] INFO  o.e.m.c.i.e.AbstractTransferListenerAdapter - Downloaded https://repo.maven.apache.org/maven2/org/springframework/boot/spring-boot-actuator-autoconfigure/3.0.5/spring-boot-actuator-autoconfigure-3.0.5-sources.jar
2023-04-10 23:16:07,478 [Worker-14: Download sources and javadoc] INFO  o.e.m.j.internal.DownloadSourcesJob - Downloaded sources for org.springframework.boot:spring-boot-actuator-autoconfigure:3.0.5
2023-04-10 23:16:07,523 [Worker-14: Download sources and javadoc] INFO  o.e.m.c.i.e.AbstractTransferListenerAdapter - Downloading https://repo.maven.apache.org/maven2/org/springframework/boot/spring-boot-actuator/3.0.5/spring-boot-actuator-3.0.5-sources.jar
2023-04-10 23:16:07,601 [Worker-14: Download sources and javadoc] INFO  o.e.m.c.i.e.AbstractTransferListenerAdapter - Downloaded https://repo.maven.apache.org/maven2/org/springframework/boot/spring-boot-actuator/3.0.5/spring-boot-actuator-3.0.5-sources.jar
2023-04-10 23:16:07,605 [Worker-14: Download sources and javadoc] INFO  o.e.m.j.internal.DownloadSourcesJob - Downloaded sources for org.springframework.boot:spring-boot-actuator:3.0.5
2023-04-10 23:16:07,649 [Worker-14: Download sources and javadoc] INFO  o.e.m.c.i.e.AbstractTransferListenerAdapter - Downloading https://repo.maven.apache.org/maven2/io/micrometer/micrometer-core/1.10.5/micrometer-core-1.10.5-sources.jar
2023-04-10 23:16:07,726 [Worker-14: Download sources and javadoc] INFO  o.e.m.c.i.e.AbstractTransferListenerAdapter - Downloaded https://repo.maven.apache.org/maven2/io/micrometer/micrometer-core/1.10.5/micrometer-core-1.10.5-sources.jar
2023-04-10 23:16:07,730 [Worker-14: Download sources and javadoc] INFO  o.e.m.j.internal.DownloadSourcesJob - Downloaded sources for io.micrometer:micrometer-core:1.10.5
2023-04-10 23:16:07,782 [Worker-14: Download sources and javadoc] INFO  o.e.m.c.i.e.AbstractTransferListenerAdapter - Downloading https://repo.maven.apache.org/maven2/org/hdrhistogram/HdrHistogram/2.1.12/HdrHistogram-2.1.12-sources.jar
2023-04-10 23:16:07,831 [Worker-14: Download sources and javadoc] INFO  o.e.m.c.i.e.AbstractTransferListenerAdapter - Downloaded https://repo.maven.apache.org/maven2/org/hdrhistogram/HdrHistogram/2.1.12/HdrHistogram-2.1.12-sources.jar
2023-04-10 23:16:07,835 [Worker-14: Download sources and javadoc] INFO  o.e.m.j.internal.DownloadSourcesJob - Downloaded sources for org.hdrhistogram:HdrHistogram:2.1.12
2023-04-10 23:16:07,876 [Worker-14: Download sources and javadoc] INFO  o.e.m.c.i.e.AbstractTransferListenerAdapter - Downloading https://repo.maven.apache.org/maven2/org/latencyutils/LatencyUtils/2.0.3/LatencyUtils-2.0.3-sources.jar
2023-04-10 23:16:07,970 [Worker-14: Download sources and javadoc] INFO  o.e.m.c.i.e.AbstractTransferListenerAdapter - Downloaded https://repo.maven.apache.org/maven2/org/latencyutils/LatencyUtils/2.0.3/LatencyUtils-2.0.3-sources.jar
2023-04-10 23:16:07,973 [Worker-14: Download sources and javadoc] INFO  o.e.m.j.internal.DownloadSourcesJob - Downloaded sources for org.latencyutils:LatencyUtils:2.0.3
2023-04-10 23:16:09,325 [Worker-14: Building] INFO  o.a.m.s.f.DefaultMavenResourcesFiltering - Copying 1 resource
2023-04-10 23:16:09,329 [Worker-14: Building] INFO  o.a.m.s.f.DefaultMavenResourcesFiltering - Copying 0 resource
2023-04-10 23:16:09,334 [Worker-14: Building] INFO  o.a.m.s.f.DefaultMavenResourcesFiltering - skip non existing resourceDirectory C:\Users\Jeffrey\DevSpringBoot\02-Devtools-Overview\02-Devtools-Overview\02-Devtools-Overview\src\test\resources
2023-04-10 23:16:17,004 [Worker-10: Building] INFO  o.e.m.c.i.l.LifecycleMappingFactory - Using org.eclipse.m2e.jdt.JarLifecycleMapping lifecycle mapping for MavenProject: com.luv2code.springboot.demo:mycoolapp:0.0.1-SNAPSHOT @ C:\Users\Jeffrey\DevSpringBoot\02-Devtools-Overview\02-Devtools-Overview\02-Devtools-Overview\pom.xml.
2023-04-10 23:16:17,478 [Worker-10: Building] INFO  o.a.m.s.f.DefaultMavenResourcesFiltering - Copying 0 resource
2023-04-10 23:16:17,479 [Worker-10: Building] INFO  o.a.m.s.f.DefaultMavenResourcesFiltering - Copying 0 resource
2023-04-10 23:16:17,486 [Worker-10: Building] INFO  o.a.m.s.f.DefaultMavenResourcesFiltering - skip non existing resourceDirectory C:\Users\Jeffrey\DevSpringBoot\02-Devtools-Overview\02-Devtools-Overview\02-Devtools-Overview\src\test\resources
2023-04-10 23:18:54,813 [Worker-15: Building] INFO  o.a.m.s.f.DefaultMavenResourcesFiltering - Copying 1 resource
2023-04-10 23:18:54,836 [Worker-15: Building] INFO  o.a.m.s.f.DefaultMavenResourcesFiltering - Copying 0 resource
2023-04-10 23:18:54,841 [Worker-15: Building] INFO  o.a.m.s.f.DefaultMavenResourcesFiltering - skip non existing resourceDirectory C:\Users\Jeffrey\DevSpringBoot\02-Devtools-Overview\02-Devtools-Overview\02-Devtools-Overview\src\test\resources
